03:36:03am: Receiver connected
03:36:07am: lapstart
03:36:15am: Lap : 7.9000
03:36:20am: Lap : 5.3080
03:36:25am: Lap : 5.0390
03:36:31am: resetlap
03:36:37am: lapstart
03:36:43am: Lap : 6.2160
03:36:49am: Lap : 5.8320
03:36:55am: Lap : 6.3950
03:37:01am: Lap : 5.8490
03:39:10am: Receiver disconnected
03:43:06am: Receiver connected
03:43:06am: lapstart
03:43:12am: Lap : 5.0790
03:43:17am: Lap : 5.6770
03:43:25am: Lap : 7.7730
03:43:31am: Lap : 5.9180
03:43:37am: Lap : 6.4130
03:43:43am: Lap : 5.2860
03:43:48am: Lap : 5.6760
03:43:53am: Lap : 4.9400
03:43:58am: Lap : 4.8950
03:44:03am: Lap : 4.8780
03:44:08am: Lap : 5.0310
03:44:17am: accelmode
03:44:20am: lapstart
03:44:26am: Lap : 5.6530
03:44:33am: lapstart
03:44:38am: Lap : 4.3860
03:44:45am: Receiver disconnected
03:52:19am: Receiver connected
03:52:26am: lapstart
03:52:31am: Lap : 4.8130
03:52:34am: resetlap
03:52:35am: accelmode
03:52:45am: lapstart
03:52:56am: Lap : 10.0850
03:53:05am: lapstart
03:53:16am: Lap : 10.2380
03:53:19am: lapmode
03:53:27am: lapstart
03:53:32am: Lap : 5.2060
03:53:37am: Lap : 4.4360
03:53:43am: resetlap
03:53:47am: lapstart
03:53:52am: Lap : 5.1240
03:53:57am: Lap : 4.9510
03:54:02am: Lap : 4.9610
03:54:07am: Lap : 5.1030
03:54:32am: resetlap
03:54:37am: Receiver disconnected
