02:00:01am: Receiver connected
02:00:08am: 0.00
02:00:08am: lapstart
02:09:32am: Receiver connected
02:09:37am: 0.00
02:09:37am: lapstart
02:09:46am: 0.00
02:09:46am: Lap : 8.7970
02:09:52am: 0.00
02:09:52am: Lap : 6.1530
02:09:59am: 0.00
02:09:59am: Lap : 6.5670
02:10:07am: 0.00
02:10:07am: Lap : 7.7440
02:10:14am: 0.00
02:10:14am: Lap : 7.2910
02:10:19am: 1.00
02:10:19am: Lap : 4.9140
02:10:25am: 0.00
02:10:25am: Lap : 5.7920
02:10:31am: 0.00
02:10:31am: Lap : 6.1230
02:10:36am: 0.00
02:10:36am: Lap : 5.4350
02:10:42am: 0.00
02:10:42am: Lap : 5.4060
02:10:49am: 0.00
02:10:49am: Lap : 7.0380
02:10:54am: 0.00
02:10:54am: Lap : 5.1440
02:11:10am: accelmode
02:11:10am: lapmode
02:11:23am: 0.00
02:11:23am: lapstart
02:11:28am: 0.00
02:11:28am: Lap : 5.1130
02:11:34am: 0.00
02:11:34am: Lap : 5.6280
02:11:39am: 0.00
02:11:39am: Lap : 5.2790
02:12:05am: resetlap
02:12:11am: 0.00
02:12:11am: lapstart
02:12:17am: 0.00
02:12:17am: Lap : 5.1720
02:12:23am: 0.00
02:12:23am: Lap : 6.0640
02:12:30am: 0.00
02:12:30am: Lap : 7.7580
02:13:00am: Receiver disconnected
02:13:15am: Receiver connected
02:15:27am: 0.00
02:15:27am: lapstart
02:15:31am: 0.00
02:15:31am: Lap : 3.8500
02:21:16am: Receiver connected
02:25:16am: Receiver connected
02:25:17am: 0.00
02:25:17am: lapstart
03:09:43am: Receiver connected
03:13:11am: Receiver connected
03:15:11am: Receiver connected
03:15:43am: Receiver connected
03:16:57am: Receiver connected
03:23:49am: Receiver connected
03:24:52am: Receiver connected
03:25:11am: Receiver connected
03:25:30am: Receiver connected
03:26:57am: Receiver connected
03:27:23am: Receiver connected
03:28:18am: Receiver connected
03:28:29am: Receiver connected
03:29:28am: Receiver connected
03:31:26am: Receiver connected
03:32:14am: Receiver connected
03:33:10am: Receiver connected
03:33:58am: Receiver connected
03:39:20am: Receiver connected
03:40:50am: Receiver connected
03:42:11am: Receiver connected
03:43:01am: Receiver connected
03:45:06am: Receiver connected
03:45:34am: Receiver connected
03:47:15am: Receiver connected
03:48:12am: Receiver connected
03:48:33am: Receiver connected
03:48:53am: Receiver connected
03:49:38am: Receiver connected
03:49:55am: Receiver connected
03:50:25am: Receiver connected
03:50:40am: Receiver connected
03:51:11am: Receiver connected
03:51:57am: Receiver connected
03:52:55am: Receiver connected
03:53:25am: Receiver connected
03:53:37am: Receiver connected
03:54:03am: Receiver connected
03:54:19am: Receiver connected
03:54:42am: Receiver connected
04:33:31am: Receiver connected
04:35:13am: Receiver connected
04:35:26am: Receiver connected
04:36:03am: Receiver connected
04:37:11am: Receiver connected
04:38:20am: Receiver connected
04:38:40am: Receiver connected
04:39:57am: Receiver connected
04:40:54am: Receiver connected
04:41:19am: Receiver connected
04:41:24am: resetlap
04:41:26am: resetlap
04:41:26am: resetlap
04:43:13am: Receiver connected
04:46:23am: Receiver connected
04:48:05am: Receiver connected
04:50:18am: Receiver connected
04:50:33am: Receiver connected
04:50:51am: Receiver connected
04:58:04am: Receiver connected
04:59:00am: Receiver connected
05:00:23am: Receiver connected
05:00:46am: Receiver connected
05:01:30am: Receiver connected
05:02:47am: Receiver connected
05:07:48am: Receiver connected
05:08:29am: Receiver connected
05:09:37am: Receiver connected
05:10:26am: Receiver connected
05:11:44am: Receiver connected
05:19:30am: Receiver connected
05:20:49am: Receiver connected
05:22:03am: Receiver connected
05:22:32am: Receiver connected
05:24:00am: Receiver connected
05:24:28am: Receiver disconnected
05:24:38am: Receiver connected
05:27:21am: Receiver connected
05:28:31am: Receiver connected
05:28:32am: accelmode
05:28:32am: lapmode
05:28:33am: accelmode
05:28:33am: lapmode
05:28:33am: accelmode
05:28:33am: lapmode
05:28:34am: accelmode
05:28:34am: lapmode
05:28:34am: accelmode
05:28:35am: lapmode
05:31:28am: Receiver connected
05:32:13am: Receiver connected
05:32:30am: Receiver connected
05:33:08am: Receiver connected
05:33:26am: Receiver connected
05:35:15am: Receiver connected
05:51:56am: Receiver connected
05:52:39am: Receiver connected
05:52:46am: accelmode
05:52:47am: lapmode
05:52:52am: 1.00
05:52:52am: lapstart
05:52:57am: 0.00
05:52:57am: Lap : 4.7790
05:53:02am: 0.00
05:53:02am: Lap : 4.8130
05:53:07am: 0.00
05:53:07am: Lap : 5.6190
05:53:12am: 1.00
05:53:12am: Lap : 4.6540
05:53:18am: accelmode
05:53:18am: lapmode
05:54:11am: Receiver connected
05:55:12am: Receiver connected
05:58:18am: Receiver connected
05:59:54am: Receiver connected
06:01:52am: Receiver connected
06:17:13am: Receiver connected
06:19:07am: Receiver connected
06:19:10am: 0.00
06:19:10am: lapstart
06:19:13am: 0.00
06:19:13am: Lap : 2.9970
06:19:17am: 0.00
06:19:17am: Lap : 3.7240
06:21:19am: Receiver connected
06:21:20am: 0.00
06:21:20am: lapstart
06:21:24am: 0.00
06:21:24am: Lap : 4.0970
06:22:50am: Receiver connected
06:22:51am: 0.00
06:22:51am: lapstart
06:24:51am: Receiver connected
06:24:53am: 1.00
06:24:53am: lapstart
06:24:57am: 0.00
06:24:57am: Lap : 3.6080
06:25:47am: Receiver connected
06:25:48am: 0.00
06:25:48am: lapstart
06:25:52am: 0.00
06:25:52am: Lap : 3.7640
06:25:56am: 0.00
06:25:56am: Lap : 4.0910
06:26:53am: Receiver connected
06:26:54am: 0.00
06:26:54am: lapstart
06:26:57am: 1.00
06:26:57am: Lap : 2.9960
06:27:00am: 0.00
06:27:00am: Lap : 2.9970
06:27:03am: 0.00
06:27:03am: Lap : 2.9970
06:27:06am: 0.00
06:27:06am: Lap : 2.9980
06:27:18am: Receiver connected
06:27:20am: 0.00
06:27:20am: lapstart
06:27:23am: 1.00
06:27:23am: Lap : 2.9960
06:27:26am: 0.00
06:27:26am: Lap : 2.9970
06:27:29am: 0.00
06:27:29am: Lap : 2.9970
06:27:32am: 0.00
06:27:32am: Lap : 2.9980
06:27:35am: 0.00
06:27:35am: Lap : 2.9970
06:27:44am: Receiver connected
06:27:45am: 0.00
06:27:45am: lapstart
06:27:48am: 1.00
06:27:48am: Lap : 2.9960
06:27:51am: 0.00
06:27:51am: Lap : 2.9970
06:27:54am: 0.00
06:27:54am: Lap : 2.9970
06:31:00am: Receiver connected
06:31:01am: 0.00
06:31:01am: lapstart
06:31:04am: 1.00
06:31:04am: Lap : 2.9960
06:31:07am: 0.00
06:31:07am: Lap : 2.9970
06:31:10am: 0.00
06:31:10am: Lap : 2.9970
06:31:13am: 0.00
06:31:13am: Lap : 2.9980
06:31:16am: 0.00
06:31:16am: Lap : 2.9970
06:31:19am: 0.00
06:31:19am: Lap : 2.9970
06:31:22am: 0.00
06:31:22am: Lap : 2.9970
06:31:25am: 0.00
06:31:25am: Lap : 2.9980
06:31:28am: 0.00
06:31:28am: Lap : 2.9970
06:31:31am: 0.00
06:31:31am: Lap : 2.9970
06:31:34am: 0.00
06:31:34am: Lap : 2.9970
06:31:37am: 0.00
06:31:37am: Lap : 2.9980
06:31:40am: 1.00
06:31:40am: Lap : 2.9960
06:31:43am: 0.00
06:31:43am: Lap : 2.9970
06:31:46am: 0.00
06:31:46am: Lap : 2.9970
06:31:49am: 0.00
06:31:49am: Lap : 2.9980
06:31:52am: 0.00
06:31:52am: Lap : 2.9970
06:31:55am: 0.00
06:31:55am: Lap : 2.9970
06:31:58am: 0.00
06:31:58am: Lap : 2.9970
06:32:01am: 0.00
06:32:01am: Lap : 2.9980
06:32:04am: 0.00
06:32:04am: Lap : 2.9970
06:32:12am: Receiver connected
06:32:14am: 0.00
06:32:14am: lapstart
06:32:17am: 1.00
06:32:17am: Lap : 2.9960
06:32:20am: 0.00
06:32:20am: Lap : 2.9970
06:32:23am: 0.00
06:32:23am: Lap : 2.9970
06:32:26am: 0.00
06:32:26am: Lap : 2.9980
06:32:29am: 0.00
06:32:29am: Lap : 2.9970
06:32:32am: 0.00
06:32:32am: Lap : 2.9970
06:32:35am: 0.00
06:32:35am: Lap : 2.9970
06:32:38am: 0.00
06:32:38am: Lap : 2.9980
06:32:41am: 0.00
06:32:41am: Lap : 2.9970
06:32:44am: 0.00
06:32:44am: Lap : 2.9970
06:32:47am: 0.00
06:32:47am: Lap : 2.9970
06:32:50am: 0.00
06:32:50am: Lap : 2.9980
06:32:53am: 1.00
06:32:53am: Lap : 2.9960
06:32:56am: 0.00
06:32:56am: Lap : 2.9970
06:32:59am: 0.00
06:32:59am: Lap : 2.9970
06:33:02am: 0.00
06:33:02am: Lap : 2.9980
06:33:05am: 0.00
06:33:05am: Lap : 2.9970
06:33:08am: 0.00
06:33:08am: Lap : 2.9970
06:33:11am: 0.00
06:33:11am: Lap : 2.9970
06:33:14am: 0.00
06:33:14am: Lap : 2.9980
06:33:17am: 0.00
06:33:17am: Lap : 2.9970
06:33:20am: 0.00
06:33:20am: Lap : 2.9970
06:33:23am: 0.00
06:33:23am: Lap : 2.9970
06:33:26am: 0.00
06:33:26am: Lap : 2.9980
06:33:52am: Receiver connected
06:33:53am: 0.00
06:33:53am: lapstart
06:33:56am: 1.00
06:33:56am: Lap : 2.9960
06:33:59am: 0.00
06:33:59am: Lap : 2.9970
06:34:02am: 0.00
06:34:02am: Lap : 2.9970
06:35:16am: Receiver connected
06:35:18am: 0.00
06:35:18am: lapstart
06:35:21am: 1.00
06:35:21am: Lap : 2.9960
06:35:24am: 0.00
06:35:24am: Lap : 2.9970
06:35:27am: 0.00
06:35:27am: Lap : 2.9970
06:35:30am: 0.00
06:35:30am: Lap : 2.9980
06:35:33am: 0.00
06:35:33am: Lap : 2.9970
06:35:36am: 0.00
06:35:36am: Lap : 2.9970
06:35:39am: 0.00
06:35:39am: Lap : 2.9970
06:35:42am: 0.00
06:35:42am: Lap : 2.9980
06:35:45am: 0.00
06:35:45am: Lap : 2.9970
06:35:48am: 0.00
06:35:48am: Lap : 2.9970
06:35:51am: 0.00
06:35:51am: Lap : 2.9970
06:35:54am: 0.00
06:35:54am: Lap : 2.9980
06:35:57am: 1.00
06:35:57am: Lap : 2.9960
06:36:00am: 0.00
06:36:00am: Lap : 2.9970
06:36:03am: 0.00
06:36:03am: Lap : 2.9970
06:36:06am: 0.00
06:36:06am: Lap : 2.9980
06:36:09am: 0.00
06:36:09am: Lap : 2.9970
06:36:12am: 0.00
06:36:12am: Lap : 2.9970
06:36:15am: 0.00
06:36:15am: Lap : 2.9970
06:36:18am: 0.00
06:36:18am: Lap : 2.9980
06:36:21am: 0.00
06:36:21am: Lap : 2.9970
06:36:24am: 0.00
06:36:24am: Lap : 2.9970
06:36:34am: Receiver connected
06:36:35am: 0.00
06:36:35am: lapstart
06:36:38am: 1.00
06:36:38am: Lap : 2.9960
06:36:41am: 0.00
06:36:41am: Lap : 2.9970
06:36:44am: 0.00
06:36:44am: Lap : 2.9970
06:36:47am: 0.00
06:36:47am: Lap : 2.9980
06:36:50am: 0.00
06:36:50am: Lap : 2.9970
06:36:53am: 0.00
06:36:53am: Lap : 2.9970
06:36:56am: 0.00
06:36:56am: Lap : 2.9970
06:36:59am: 0.00
06:36:59am: Lap : 2.9980
06:37:02am: 0.00
06:37:02am: Lap : 2.9970
06:37:13am: Receiver connected
06:37:14am: 0.00
06:37:14am: lapstart
06:37:17am: 1.00
06:37:17am: Lap : 2.9960
06:37:20am: 0.00
06:37:20am: Lap : 2.9970
06:37:35am: Receiver connected
06:37:36am: 0.00
06:37:36am: lapstart
06:37:39am: 1.00
06:37:39am: Lap : 2.9960
06:37:42am: 0.00
06:37:42am: Lap : 2.9970
06:37:45am: 0.00
06:37:45am: Lap : 2.9970
06:37:48am: 0.00
06:37:48am: Lap : 2.9980
06:37:51am: 0.00
06:37:51am: Lap : 2.9970
06:37:54am: 0.00
06:37:54am: Lap : 2.9970
06:40:13am: Receiver connected
06:40:14am: 0.00
06:40:14am: lapstart
06:40:17am: 1.00
06:40:17am: Lap : 2.9960
06:40:20am: 0.00
06:40:20am: Lap : 2.9970
06:41:25am: Receiver connected
06:41:26am: 0.00
06:41:26am: lapstart
06:41:29am: 1.00
06:41:29am: Lap : 2.9960
06:41:32am: 0.00
06:41:32am: Lap : 2.9970
06:42:02am: Receiver connected
06:42:03am: 0.00
06:42:03am: lapstart
06:42:06am: 1.00
06:42:06am: Lap : 2.9960
06:47:25am: Receiver connected
06:47:48am: Receiver connected
06:49:49am: Receiver connected
06:50:25am: Receiver connected
06:50:42am: Receiver connected
06:55:17am: Receiver connected
06:55:42am: Receiver connected
06:55:55am: Receiver connected
06:57:30am: Receiver connected
06:58:17am: Receiver connected
07:02:19am: Receiver connected
07:02:49am: Receiver connected
07:02:50am: 0.00
07:02:50am: lapstart
07:02:53am: 1.00
07:02:53am: Lap : 2.9960
07:02:56am: 0.00
07:02:56am: Lap : 2.9970
07:02:59am: 0.00
07:02:59am: Lap : 2.9970
07:03:41am: Receiver connected
07:03:42am: 0.00
07:03:42am: lapstart
07:03:45am: 1.00
07:03:45am: Lap : 2.9950
07:07:28am: Receiver connected
07:08:13am: Receiver connected
07:09:06am: Receiver connected
07:09:38am: Receiver connected
07:10:28am: Receiver connected
07:10:45am: Receiver connected
07:11:12am: Receiver connected
07:11:13am: 0.00
07:11:13am: lapstart
07:11:16am: 1.00
07:11:16am: Lap : 2.9960
07:11:19am: 0.00
07:11:19am: Lap : 2.9970
07:11:22am: 0.00
07:11:22am: Lap : 2.9970
07:11:25am: 0.00
07:11:25am: Lap : 2.9980
07:11:28am: 0.00
07:11:28am: Lap : 2.9970
07:11:44am: Receiver connected
07:11:45am: 0.00
07:11:45am: lapstart
07:11:48am: 1.00
07:11:48am: Lap : 2.9960
07:11:51am: 0.00
07:11:51am: Lap : 2.9970
07:11:54am: 0.00
07:11:54am: Lap : 2.9970
07:11:57am: 0.00
07:11:57am: Lap : 2.9980
07:12:07am: Receiver connected
07:12:09am: 0.00
07:12:09am: lapstart
07:12:12am: 1.00
07:12:12am: Lap : 2.9960
07:12:15am: 0.00
07:12:15am: Lap : 2.9970
07:12:18am: 0.00
07:12:18am: Lap : 2.9970
07:12:21am: 0.00
07:12:21am: Lap : 2.9980
07:12:33am: Receiver connected
07:12:35am: 0.00
07:12:35am: lapstart
07:12:38am: 1.00
07:12:38am: Lap : 2.9960
07:12:41am: 0.00
07:12:41am: Lap : 2.9970
07:12:44am: 0.00
07:12:44am: Lap : 2.9970
07:12:47am: 0.00
07:12:47am: Lap : 2.9980
07:12:50am: 0.00
07:12:50am: Lap : 2.9970
07:12:53am: 0.00
07:12:53am: Lap : 2.9970
07:12:56am: 0.00
07:12:56am: Lap : 2.9970
07:12:59am: 0.00
07:12:59am: Lap : 2.9980
07:13:02am: 0.00
07:13:02am: Lap : 2.9970
07:13:05am: 0.00
07:13:05am: Lap : 2.9970
07:13:08am: 0.00
07:13:08am: Lap : 2.9970
07:13:11am: 0.00
07:13:11am: Lap : 2.9980
07:13:14am: 1.00
07:13:14am: Lap : 2.9960
07:13:17am: 0.00
07:13:17am: Lap : 2.9970
07:13:20am: 0.00
07:13:20am: Lap : 2.9970
07:13:23am: 0.00
07:13:23am: Lap : 2.9980
07:13:26am: 0.00
07:13:26am: Lap : 2.9970
07:13:29am: 0.00
07:13:29am: Lap : 2.9970
07:13:32am: 0.00
07:13:32am: Lap : 2.9970
07:13:34am: resetlap
07:13:35am: 0.00
07:13:35am: lapstart
07:13:37am: resetlap
07:13:38am: 0.00
07:13:38am: lapstart
07:13:41am: 0.00
07:13:41am: Lap : 2.9970
07:13:44am: 0.00
07:13:44am: Lap : 2.9970
07:13:47am: 0.00
07:13:47am: Lap : 2.9980
07:13:50am: 1.00
07:13:50am: Lap : 2.9960
07:14:36am: Receiver connected
07:15:16am: Receiver connected
07:15:17am: 0.00
07:15:17am: lapstart
07:15:20am: 1.00
07:15:20am: Lap : 2.9960
07:15:23am: 0.00
07:15:23am: Lap : 2.9970
07:15:40am: Receiver connected
07:15:42am: 0.00
07:15:42am: lapstart
07:15:45am: 1.00
07:15:45am: Lap : 2.9960
07:15:48am: 0.00
07:15:48am: Lap : 2.9970
07:15:51am: 0.00
07:15:51am: Lap : 2.9970
07:15:54am: 0.00
07:15:54am: Lap : 2.9980
07:15:57am: 0.00
07:15:57am: Lap : 2.9970
07:16:00am: 0.00
07:16:00am: Lap : 2.9970
07:16:12am: Receiver connected
07:16:14am: 0.00
07:16:14am: lapstart
07:16:17am: 1.00
07:16:17am: Lap : 2.9950
07:16:20am: 0.00
07:16:20am: Lap : 2.9970
07:16:23am: 0.00
07:16:23am: Lap : 2.9970
07:16:26am: 0.00
07:16:26am: Lap : 2.9980
07:16:29am: 0.00
07:16:29am: Lap : 2.9970
07:16:32am: 0.00
07:16:32am: Lap : 2.9970
07:16:35am: 0.00
07:16:35am: Lap : 2.9970
07:16:38am: 0.00
07:16:38am: Lap : 2.9980
07:16:48am: Receiver connected
07:16:50am: 0.00
07:16:50am: lapstart
07:16:53am: 1.00
07:16:53am: Lap : 2.9960
07:16:56am: 0.00
07:16:56am: Lap : 2.9970
07:16:59am: 0.00
07:16:59am: Lap : 2.9970
07:17:02am: 0.00
07:17:02am: Lap : 2.9980
07:17:05am: 0.00
07:17:05am: Lap : 2.9970
07:17:08am: 0.00
07:17:08am: Lap : 2.9970
07:18:58am: Receiver connected
07:18:59am: 0.00
07:18:59am: lapstart
07:19:02am: 1.00
07:19:02am: Lap : 2.9960
07:19:05am: 0.00
07:19:05am: Lap : 2.9970
07:21:11am: Receiver connected
07:21:12am: 0.00
07:21:12am: lapstart
07:21:15am: 1.00
07:21:15am: Lap : 2.9960
07:21:18am: 0.00
07:21:18am: Lap : 2.9970
07:21:21am: 0.00
07:21:21am: Lap : 2.9970
07:21:24am: 0.00
07:21:24am: Lap : 2.9980
07:21:27am: 0.00
07:21:27am: Lap : 2.9970
07:21:30am: 0.00
07:21:30am: Lap : 2.9970
07:21:33am: 0.00
07:21:33am: Lap : 2.9970
07:21:36am: 0.00
07:21:36am: Lap : 2.9980
07:21:39am: 0.00
07:21:39am: Lap : 2.9970
07:21:42am: 0.00
07:21:42am: Lap : 2.9970
07:21:45am: 0.00
07:21:45am: Lap : 2.9970
07:21:48am: 0.00
07:21:48am: Lap : 2.9980
07:21:51am: 1.00
07:21:51am: Lap : 2.9960
07:21:54am: 0.00
07:21:54am: Lap : 2.9970
07:21:57am: 0.00
07:21:57am: Lap : 2.9970
07:22:00am: 0.00
07:22:00am: Lap : 2.9980
07:22:03am: 0.00
07:22:03am: Lap : 2.9970
07:22:06am: 0.00
07:22:06am: Lap : 2.9970
07:22:09am: 0.00
07:22:09am: Lap : 2.9970
07:22:12am: 0.00
07:22:12am: Lap : 2.9980
07:22:15am: 0.00
07:22:15am: Lap : 2.9970
07:22:18am: 0.00
07:22:18am: Lap : 2.9970
07:22:21am: 0.00
07:22:21am: Lap : 2.9970
07:22:24am: 0.00
07:22:24am: Lap : 2.9980
07:22:34am: Receiver connected
07:22:35am: 0.00
07:22:35am: lapstart
07:22:38am: 1.00
07:22:38am: Lap : 2.9950
07:22:41am: 0.00
07:22:41am: Lap : 2.9970
07:22:44am: 0.00
07:22:44am: Lap : 2.9970
07:22:47am: 0.00
07:22:47am: Lap : 2.9980
07:22:50am: 0.00
07:22:50am: Lap : 2.9970
07:22:53am: 0.00
07:22:53am: Lap : 2.9970
07:22:56am: 0.00
07:22:56am: Lap : 2.9970
07:22:59am: 0.00
07:22:59am: Lap : 2.9980
07:23:02am: 0.00
07:23:02am: Lap : 2.9970
07:23:05am: 0.00
07:23:05am: Lap : 2.9970
07:24:05am: Receiver connected
07:24:07am: 0.00
07:24:07am: lapstart
07:24:10am: 1.00
07:24:10am: Lap : 2.9950
07:24:13am: 0.00
07:24:13am: Lap : 2.9970
07:24:16am: 0.00
07:24:16am: Lap : 2.9970
07:24:19am: 0.00
07:24:19am: Lap : 2.9980
07:24:22am: 0.00
07:24:22am: Lap : 2.9970
07:24:38am: Receiver connected
07:24:39am: 0.00
07:24:39am: lapstart
07:24:42am: 1.00
07:24:42am: Lap : 2.9960
07:24:45am: 0.00
07:24:45am: Lap : 2.9970
07:24:48am: 0.00
07:24:48am: Lap : 2.9970
07:24:51am: 0.00
07:24:51am: Lap : 2.9980
07:24:54am: 0.00
07:24:54am: Lap : 2.9970
07:24:57am: 0.00
07:24:57am: Lap : 2.9970
07:25:00am: 0.00
07:25:00am: Lap : 2.9970
07:25:44am: Receiver connected
07:25:45am: 0.00
07:25:45am: lapstart
07:25:48am: 1.00
07:25:48am: Lap : 2.9960
07:25:51am: 0.00
07:25:51am: Lap : 2.9970
07:25:54am: 0.00
07:25:54am: Lap : 2.9970
07:25:57am: 0.00
07:25:57am: Lap : 2.9980
07:26:00am: 0.00
07:26:00am: Lap : 2.9970
07:26:03am: 0.00
07:26:03am: Lap : 2.9970
07:26:06am: 0.00
07:26:06am: Lap : 2.9970
07:26:09am: 0.00
07:26:09am: Lap : 2.9980
07:26:12am: 0.00
07:26:12am: Lap : 2.9970
07:26:15am: 0.00
07:26:15am: Lap : 2.9970
07:26:18am: 0.00
07:26:18am: Lap : 2.9970
07:26:21am: 0.00
07:26:21am: Lap : 2.9980
07:26:24am: 1.00
07:26:24am: Lap : 2.9960
07:26:27am: 0.00
07:26:27am: Lap : 2.9970
07:26:30am: 0.00
07:26:30am: Lap : 2.9970
07:26:33am: 0.00
07:26:33am: Lap : 2.9980
07:26:36am: 0.00
07:26:36am: Lap : 2.9970
07:26:39am: 0.00
07:26:39am: Lap : 2.9970
07:26:42am: 0.00
07:26:42am: Lap : 2.9970
07:26:45am: 0.00
07:26:45am: Lap : 2.9980
07:26:48am: 0.00
07:26:48am: Lap : 2.9970
07:26:51am: 0.00
07:26:51am: Lap : 2.9970
07:26:54am: 0.00
07:26:54am: Lap : 2.9970
07:26:57am: 0.00
07:26:57am: Lap : 2.9980
07:27:06am: Receiver connected
07:27:07am: 0.00
07:27:07am: lapstart
07:27:10am: 1.00
07:27:10am: Lap : 2.9960
07:27:13am: 0.00
07:27:13am: Lap : 2.9970
07:27:16am: 0.00
07:27:16am: Lap : 2.9970
07:27:42am: Receiver connected
07:27:43am: 0.00
07:27:43am: lapstart
07:27:46am: 1.00
07:27:46am: Lap : 2.9960
07:27:49am: 0.00
07:27:49am: Lap : 2.9970
07:27:52am: 0.00
07:27:52am: Lap : 2.9970
07:27:55am: 0.00
07:27:55am: Lap : 2.9980
07:27:58am: 0.00
07:27:58am: Lap : 2.9970
07:28:01am: 0.00
07:28:01am: Lap : 2.9970
07:28:04am: 0.00
07:28:04am: Lap : 2.9970
07:28:07am: 0.00
07:28:07am: Lap : 2.9980
07:28:10am: 0.00
07:28:10am: Lap : 2.9970
07:28:13am: 0.00
07:28:13am: Lap : 2.9970
07:28:16am: 0.00
07:28:16am: Lap : 2.9970
07:28:26am: Receiver connected
07:28:27am: 0.00
07:28:27am: lapstart
07:28:30am: 1.00
07:28:30am: Lap : 2.9960
07:28:33am: 0.00
07:28:33am: Lap : 2.9970
07:29:12am: Receiver connected
07:29:13am: 0.00
07:29:13am: lapstart
07:29:16am: 1.00
07:29:16am: Lap : 2.9970
07:29:19am: 0.00
07:29:19am: Lap : 2.9970
07:29:22am: 0.00
07:29:22am: Lap : 2.9970
07:29:25am: 0.00
07:29:25am: Lap : 2.9980
07:29:28am: 0.00
07:29:28am: Lap : 2.9970
07:29:31am: 0.00
07:29:31am: Lap : 2.9970
07:29:34am: 0.00
07:29:34am: Lap : 2.9970
07:29:37am: 0.00
07:29:37am: Lap : 2.9980
07:29:40am: 1.00
07:29:40am: Lap : 2.9960
07:29:43am: 0.00
07:29:43am: Lap : 2.9970
07:29:46am: 0.00
07:29:46am: Lap : 2.9970
07:29:49am: 0.00
07:29:49am: Lap : 2.9980
07:29:52am: 0.00
07:29:52am: Lap : 2.9970
07:29:55am: 0.00
07:29:55am: Lap : 2.9970
07:29:58am: 0.00
07:29:58am: Lap : 2.9970
07:30:01am: 0.00
07:30:01am: Lap : 2.9980
07:30:04am: 0.00
07:30:04am: Lap : 2.9970
07:30:07am: 0.00
07:30:07am: Lap : 2.9970
07:30:41am: Receiver connected
07:30:42am: 0.00
07:30:42am: lapstart
07:30:46am: 1.00
07:30:46am: Lap : 2.9960
07:31:20am: Receiver connected
07:31:21am: 0.00
07:31:21am: lapstart
07:31:24am: 1.00
07:31:24am: Lap : 2.9960
07:31:27am: 0.00
07:31:27am: Lap : 2.9970
07:31:30am: 0.00
07:31:30am: Lap : 2.9970
07:31:33am: 0.00
07:31:33am: Lap : 2.9980
07:31:36am: 0.00
07:31:36am: Lap : 2.9970
07:31:39am: 0.00
07:31:39am: Lap : 2.9970
07:31:42am: 0.00
07:31:42am: Lap : 2.9970
07:31:45am: 0.00
07:31:45am: Lap : 2.9980
07:31:48am: 0.00
07:31:48am: Lap : 2.9970
07:31:51am: 0.00
07:31:51am: Lap : 2.9970
07:31:54am: 0.00
07:31:54am: Lap : 2.9970
07:32:46am: Receiver connected
07:32:47am: 0.00
07:32:47am: lapstart
07:32:50am: 1.00
07:32:50am: Lap : 2.9960
07:32:53am: 0.00
07:32:53am: Lap : 2.9980
07:32:56am: 0.00
07:32:56am: Lap : 2.9970
07:32:59am: 0.00
07:32:59am: Lap : 2.9970
07:33:02am: 0.00
07:33:02am: Lap : 2.9970
07:33:05am: 0.00
07:33:05am: Lap : 2.9980
07:33:08am: 0.00
07:33:08am: Lap : 2.9970
07:33:11am: 0.00
07:33:11am: Lap : 2.9970
07:33:14am: 0.00
07:33:14am: Lap : 2.9970
07:33:17am: 0.00
07:33:17am: Lap : 2.9980
07:33:20am: 0.00
07:33:20am: Lap : 2.9970
07:33:23am: 0.00
07:33:23am: Lap : 2.9970
07:33:26am: 1.00
07:33:26am: Lap : 2.9960
07:33:29am: 0.00
07:33:29am: Lap : 2.9980
07:33:32am: 0.00
07:33:32am: Lap : 2.9970
07:33:35am: 0.00
07:33:35am: Lap : 2.9970
07:33:38am: 0.00
07:33:38am: Lap : 2.9970
07:33:41am: 0.00
07:33:41am: Lap : 2.9980
07:33:51am: Receiver connected
07:33:53am: 0.00
07:33:53am: lapstart
07:33:56am: 1.00
07:33:56am: Lap : 2.9950
07:33:59am: 0.00
07:33:59am: Lap : 2.9970
07:34:02am: 0.00
07:34:02am: Lap : 2.9970
07:34:05am: 0.00
07:34:05am: Lap : 2.9980
07:34:08am: 0.00
07:34:08am: Lap : 2.9970
07:34:11am: 0.00
07:34:11am: Lap : 2.9970
07:34:14am: 0.00
07:34:14am: Lap : 2.9970
07:34:17am: 0.00
07:34:17am: Lap : 2.9980
07:34:20am: 0.00
07:34:20am: Lap : 2.9970
07:35:25am: Receiver connected
07:35:26am: 0.00
07:35:26am: lapstart
07:35:29am: 1.00
07:35:29am: Lap : 2.9960
07:35:32am: 0.00
07:35:32am: Lap : 2.9970
07:35:35am: 0.00
07:35:35am: Lap : 2.9970
07:35:38am: 0.00
07:35:38am: Lap : 2.9980
07:35:41am: 0.00
07:35:41am: Lap : 2.9970
07:35:44am: 0.00
07:35:44am: Lap : 2.9970
07:35:47am: 0.00
07:35:47am: Lap : 2.9970
07:35:50am: 0.00
07:35:50am: Lap : 2.9980
07:35:53am: 0.00
07:35:53am: Lap : 2.9970
07:35:56am: 0.00
07:35:56am: Lap : 2.9970
07:35:59am: 0.00
07:35:59am: Lap : 2.9970
07:36:02am: 0.00
07:36:02am: Lap : 2.9980
07:36:05am: 1.00
07:36:05am: Lap : 2.9960
07:36:08am: 0.00
07:36:08am: Lap : 2.9970
07:36:11am: 0.00
07:36:11am: Lap : 2.9970
07:36:14am: 0.00
07:36:14am: Lap : 2.9980
07:36:17am: 0.00
07:36:17am: Lap : 2.9970
07:36:20am: 0.00
07:36:20am: Lap : 2.9970
07:36:23am: 0.00
07:36:23am: Lap : 2.9970
07:36:26am: 0.00
07:36:26am: Lap : 2.9980
07:36:29am: 0.00
07:36:29am: Lap : 2.9970
07:36:32am: 0.00
07:36:32am: Lap : 2.9970
07:36:35am: 0.00
07:36:35am: Lap : 2.9970
07:36:38am: 0.00
07:36:38am: Lap : 2.9980
07:36:41am: 1.00
07:36:41am: Lap : 2.9960
07:36:44am: 0.00
07:36:44am: Lap : 2.9970
07:36:47am: 0.00
07:36:47am: Lap : 2.9970
07:36:50am: 0.00
07:36:50am: Lap : 2.9980
07:36:53am: 0.00
07:36:53am: Lap : 2.9970
07:36:56am: 0.00
07:36:56am: Lap : 2.9970
07:36:59am: 0.00
07:36:59am: Lap : 2.9970
07:38:59am: Receiver connected
07:40:04am: Receiver connected
07:40:49am: Receiver connected
07:41:28am: Receiver connected
07:41:29am: 0.00
07:41:29am: lapstart
07:41:32am: 1.00
07:41:32am: Lap : 2.9960
07:41:35am: 0.00
07:41:35am: Lap : 2.9970
07:41:38am: 0.00
07:41:38am: Lap : 2.9970
07:41:41am: 0.00
07:41:41am: Lap : 2.9980
07:41:44am: 0.00
07:41:44am: Lap : 2.9970
07:41:47am: 0.00
07:41:47am: Lap : 2.9970
07:41:50am: 0.00
07:41:50am: Lap : 2.9970
07:41:53am: 0.00
07:41:53am: Lap : 2.9980
07:41:56am: 0.00
07:41:56am: Lap : 2.9970
07:43:26am: Receiver connected
07:43:27am: 0.00
07:43:27am: lapstart
07:43:30am: 1.00
07:43:30am: Lap : 2.9950
07:43:33am: 0.00
07:43:33am: Lap : 2.9970
07:43:36am: 0.00
07:43:36am: Lap : 2.9970
07:43:39am: 0.00
07:43:39am: Lap : 2.9980
07:43:42am: 0.00
07:43:42am: Lap : 2.9970
07:43:45am: 0.00
07:43:45am: Lap : 2.9970
07:43:48am: 0.00
07:43:48am: Lap : 2.9970
07:43:51am: 0.00
07:43:51am: Lap : 2.9980
07:43:54am: 0.00
07:43:54am: Lap : 2.9970
07:43:57am: 0.00
07:43:57am: Lap : 2.9970
07:44:00am: 0.00
07:44:00am: Lap : 2.9970
07:44:03am: 0.00
07:44:03am: Lap : 2.9980
07:44:06am: 1.00
07:44:06am: Lap : 2.9970
07:44:09am: 0.00
07:44:09am: Lap : 2.9960
07:44:12am: 0.00
07:44:12am: Lap : 2.9980
07:44:15am: 0.00
07:44:15am: Lap : 2.9980
07:44:18am: 0.00
07:44:18am: Lap : 2.9960
07:44:21am: 0.00
07:44:21am: Lap : 2.9980
07:44:24am: 0.00
07:44:24am: Lap : 2.9960
07:44:27am: 0.00
07:44:27am: Lap : 2.9980
07:44:49am: Receiver connected
07:44:50am: 0.00
07:44:50am: lapstart
07:44:53am: 1.00
07:44:53am: Lap : 2.9960
07:45:30am: Receiver connected
07:45:32am: 0.00
07:45:32am: lapstart
07:45:35am: 1.00
07:45:35am: Lap : 2.9960
07:51:19am: Receiver connected
07:51:20am: 0.00
07:51:20am: lapstart
07:51:23am: 1.00
07:51:23am: Lap : 2.9960
07:51:26am: 0.00
07:51:26am: Lap : 2.9970
07:51:29am: 0.00
07:51:29am: Lap : 2.9970
07:51:32am: 0.00
07:51:32am: Lap : 2.9980
07:51:55am: Receiver connected
07:51:57am: 0.00
07:51:57am: lapstart
07:52:00am: 1.00
07:52:00am: Lap : 2.9950
07:52:03am: 0.00
07:52:03am: Lap : 2.9970
07:52:06am: 0.00
07:52:06am: Lap : 2.9970
07:52:09am: 0.00
07:52:09am: Lap : 2.9980
07:52:49am: Receiver connected
07:52:50am: 0.00
07:52:50am: lapstart
07:52:53am: 1.00
07:52:53am: Lap : 2.9960
07:52:56am: 0.00
07:52:56am: Lap : 2.9970
07:52:59am: 0.00
07:52:59am: Lap : 2.9970
07:53:02am: 0.00
07:53:02am: Lap : 2.9980
07:53:05am: 0.00
07:53:05am: Lap : 2.9970
07:53:08am: 0.00
07:53:08am: Lap : 2.9970
07:53:11am: 0.00
07:53:11am: Lap : 2.9970
07:53:14am: 0.00
07:53:14am: Lap : 2.9980
07:53:17am: 0.00
07:53:17am: Lap : 2.9970
07:54:02am: Receiver connected
07:54:03am: 0.00
07:54:03am: lapstart
07:54:06am: 1.00
07:54:06am: Lap : 2.9950
07:54:09am: 0.00
07:54:09am: Lap : 2.9970
07:54:12am: 0.00
07:54:12am: Lap : 2.9970
07:54:15am: 0.00
07:54:15am: Lap : 2.9980
07:55:38am: Receiver connected
07:55:40am: 0.00
07:55:40am: lapstart
07:55:43am: 1.00
07:55:43am: Lap : 2.9960
07:55:57am: Receiver connected
07:55:58am: 0.00
07:55:58am: lapstart
07:56:01am: 1.00
07:56:01am: Lap : 2.9960
07:56:04am: 0.00
07:56:04am: Lap : 2.9970
07:56:07am: 0.00
07:56:07am: Lap : 2.9970
07:56:59am: Receiver connected
07:57:00am: 0.00
07:57:00am: lapstart
07:57:03am: 1.00
07:57:03am: Lap : 2.9950
07:57:06am: 0.00
07:57:06am: Lap : 2.9970
07:58:56am: Receiver connected
07:58:58am: 0.00
07:58:58am: lapstart
07:59:01am: 1.00
07:59:01am: Lap : 2.9960
07:59:04am: 0.00
07:59:04am: Lap : 2.9970
07:59:07am: 0.00
07:59:07am: Lap : 2.9970
07:59:10am: 0.00
07:59:10am: Lap : 2.9980
07:59:13am: 0.00
07:59:13am: Lap : 2.9970
07:59:16am: 0.00
07:59:16am: Lap : 2.9970
07:59:19am: 0.00
07:59:19am: Lap : 2.9970
07:59:22am: 0.00
07:59:22am: Lap : 2.9980
07:59:25am: 0.00
07:59:25am: Lap : 2.9970
07:59:28am: 0.00
07:59:28am: Lap : 2.9970
07:59:31am: 0.00
07:59:31am: Lap : 2.9970
07:59:34am: 0.00
07:59:34am: Lap : 2.9980
07:59:37am: 1.00
07:59:37am: Lap : 2.9960
07:59:40am: 0.00
07:59:40am: Lap : 2.9960
07:59:43am: 0.00
07:59:43am: Lap : 2.9970
07:59:46am: 0.00
07:59:46am: Lap : 2.9980
07:59:49am: 0.00
07:59:49am: Lap : 2.9970
07:59:52am: 0.00
07:59:52am: Lap : 2.9970
07:59:55am: 0.00
07:59:55am: Lap : 2.9970
07:59:58am: 0.00
07:59:58am: Lap : 2.9980
08:00:54am: Receiver connected
08:00:56am: 0.00
08:00:56am: lapstart
08:00:59am: 1.00
08:00:59am: Lap : 2.9960
08:01:02am: 0.00
08:01:02am: Lap : 2.9970
08:01:05am: 0.00
08:01:05am: Lap : 2.9970
08:01:08am: 0.00
08:01:08am: Lap : 2.9980
08:01:11am: 0.00
08:01:11am: Lap : 2.9970
08:01:14am: 0.00
08:01:14am: Lap : 2.9970
08:01:17am: 0.00
08:01:17am: Lap : 2.9970
08:01:20am: 0.00
08:01:20am: Lap : 2.9980
08:01:23am: 0.00
08:01:23am: Lap : 2.9970
08:01:26am: 0.00
08:01:26am: Lap : 2.9970
08:02:19am: Receiver connected
08:02:21am: 0.00
08:02:21am: lapstart
08:02:24am: 1.00
08:02:24am: Lap : 2.9950
08:02:27am: 0.00
08:02:27am: Lap : 2.9970
08:02:39am: Receiver connected
08:02:40am: 0.00
08:02:40am: lapstart
08:02:43am: 1.00
08:02:43am: Lap : 2.9960
08:02:46am: 0.00
08:02:46am: Lap : 2.9970
08:02:49am: 0.00
08:02:49am: Lap : 2.9970
08:02:52am: 0.00
08:02:52am: Lap : 2.9980
08:02:55am: 0.00
08:02:55am: Lap : 2.9970
08:02:58am: 0.00
08:02:58am: Lap : 2.9970
08:03:01am: 0.00
08:03:01am: Lap : 2.9970
08:03:56am: Receiver connected
08:03:58am: 0.00
08:03:58am: lapstart
08:04:01am: 1.00
08:04:01am: Lap : 2.9960
08:04:04am: 0.00
08:04:04am: Lap : 2.9970
08:04:07am: 0.00
08:04:07am: Lap : 2.9970
08:04:10am: 0.00
08:04:10am: Lap : 2.9980
08:04:13am: 0.00
08:04:13am: Lap : 2.9970
08:04:16am: 0.00
08:04:16am: Lap : 2.9970
08:04:19am: 0.00
08:04:19am: Lap : 2.9970
08:04:22am: 0.00
08:04:22am: Lap : 2.9980
08:04:25am: 0.00
08:04:25am: Lap : 2.9970
08:04:28am: 0.00
08:04:28am: Lap : 2.9970
08:04:31am: 0.00
08:04:31am: Lap : 2.9970
08:04:34am: 0.00
08:04:34am: Lap : 2.9980
08:04:37am: 1.00
08:04:37am: Lap : 2.9960
08:04:40am: 0.00
08:04:40am: Lap : 2.9960
08:04:43am: 0.00
08:04:43am: Lap : 2.9970
05:15:37pm: Receiver connected
05:29:46pm: 2.00
05:29:46pm: lapstart
05:29:52pm: 0.00
05:29:52pm: Lap : 6.6400
05:31:49pm: 0.00
05:31:49pm: Lap : 117.0580
05:31:55pm: 1.00
05:31:55pm: Lap : 5.5700
05:32:57pm: accelmode
05:32:59pm: 0.00
05:32:59pm: lapstart
05:33:03pm: 0.00
05:33:03pm: Lap : 3.8220
05:33:26pm: Receiver connected
05:33:55pm: Receiver connected
05:34:12pm: Receiver connected
05:34:18pm: 0.00
05:34:18pm: lapstart
07:10:20pm: Receiver connected
07:11:10pm: Receiver connected
07:11:32pm: Receiver disconnected
07:48:30pm: Receiver connected
07:48:32pm: 0.00
07:48:32pm: lapstart
07:48:32pm: 28.00
07:48:32pm: Lap : 0.0000
07:48:32pm: 56.00
07:48:32pm: Lap : 0.0000
07:48:32pm: 84.00
07:48:32pm: Lap : 0.0000
07:48:33pm: 112.00
07:48:33pm: Lap : 0.0000
07:48:33pm: 140.00
07:48:33pm: Lap : -0.0010
07:48:33pm: 168.00
07:48:33pm: Lap : 0.0010
07:48:33pm: 196.00
07:48:33pm: Lap : 0.0000
07:48:33pm: 224.00
07:48:33pm: Lap : -0.0010
07:48:33pm: 252.00
07:48:33pm: Lap : 0.0010
07:48:33pm: 280.00
07:48:33pm: Lap : -0.0010
07:48:33pm: 308.00
07:48:33pm: Lap : 0.0000
07:48:33pm: 336.00
07:48:33pm: Lap : 0.0000
07:48:33pm: 364.00
07:48:33pm: Lap : 0.0000
07:48:33pm: 391.00
07:48:33pm: Lap : 0.0010
07:48:33pm: 420.00
07:48:33pm: Lap : -0.0010
07:48:33pm: 448.00
07:48:33pm: Lap : 0.0000
07:48:33pm: 475.00
07:48:33pm: Lap : 0.0010
07:48:33pm: 504.00
07:48:33pm: Lap : -0.0010
07:48:33pm: 532.00
07:48:33pm: Lap : -0.0010
07:48:33pm: 559.00
07:48:33pm: Lap : 0.0020
07:48:33pm: 588.00
07:48:33pm: Lap : -0.0010
07:48:33pm: 616.00
07:48:33pm: Lap : -0.0010
07:48:33pm: 643.00
07:48:33pm: Lap : 0.0020
07:48:33pm: 672.00
07:48:33pm: Lap : -0.0010
07:48:33pm: 700.00
07:48:33pm: Lap : -0.0010
07:48:33pm: 727.00
07:48:33pm: Lap : 0.0010
07:48:33pm: 756.00
07:48:33pm: Lap : 0.0000
07:48:33pm: 783.00
07:48:33pm: Lap : 0.0000
07:48:33pm: 811.00
07:48:33pm: Lap : 0.0000
07:48:33pm: 839.00
07:48:33pm: Lap : 0.0000
07:48:33pm: 867.00
07:48:33pm: Lap : 0.0000
07:48:33pm: 895.00
07:48:33pm: Lap : 0.0000
07:48:33pm: 923.00
07:48:33pm: Lap : 0.0000
07:48:33pm: 951.00
07:48:33pm: Lap : 0.0000
07:48:33pm: 979.00
07:48:33pm: Lap : 0.0000
07:48:33pm: 1007.00
07:48:33pm: Lap : -0.0010
07:48:33pm: 1035.00
07:48:33pm: Lap : 0.0000
07:48:34pm: 1063.00
07:48:34pm: Lap : 0.0010
07:48:34pm: 1091.00
07:48:34pm: Lap : -0.0010
07:48:34pm: 1119.00
07:48:34pm: Lap : 0.0000
07:48:34pm: 1147.00
07:48:34pm: Lap : 0.0010
07:48:34pm: 1175.00
07:48:34pm: Lap : -0.0010
07:48:34pm: 1202.00
07:48:34pm: Lap : 0.0010
07:48:34pm: 1231.00
07:48:34pm: Lap : -0.0010
07:48:34pm: 1259.00
07:48:34pm: Lap : 0.0000
07:48:34pm: 1286.00
07:48:34pm: Lap : 0.0010
07:48:34pm: 1315.00
07:48:34pm: Lap : -0.0010
07:48:34pm: 1343.00
07:48:34pm: Lap : 0.0000
07:48:34pm: 1370.00
07:48:34pm: Lap : 0.0010
07:48:34pm: 1399.00
07:48:34pm: Lap : -0.0010
07:48:34pm: 1427.00
07:48:34pm: Lap : -0.0010
07:48:34pm: 1454.00
07:48:34pm: Lap : 0.0020
07:48:34pm: 1483.00
07:48:34pm: Lap : -0.0010
07:48:34pm: 1511.00
07:48:34pm: Lap : -0.0010
07:48:34pm: 1538.00
07:48:34pm: Lap : 0.0010
07:48:34pm: 1567.00
07:48:34pm: Lap : 0.0000
07:48:34pm: 1594.00
07:48:34pm: Lap : 0.0000
07:48:34pm: 1622.00
07:48:34pm: Lap : 0.0000
07:48:34pm: 1650.00
07:48:34pm: Lap : 0.0010
07:48:34pm: 1678.00
07:48:34pm: Lap : -0.0010
07:48:34pm: 1706.00
07:48:34pm: Lap : 0.0000
07:48:34pm: 1734.00
07:48:34pm: Lap : 0.0000
07:48:34pm: 1762.00
07:48:34pm: Lap : 0.0000
07:48:35pm: 1790.00
07:48:35pm: Lap : 0.0000
07:48:35pm: 1818.00
07:48:35pm: Lap : -0.0010
07:48:35pm: 1846.00
07:48:35pm: Lap : 0.0010
07:48:35pm: 1874.00
07:48:35pm: Lap : 0.0000
07:48:35pm: 1902.00
07:48:35pm: Lap : -0.0010
07:48:35pm: 1930.00
07:48:35pm: Lap : 0.0000
07:48:35pm: 1958.00
07:48:35pm: Lap : 0.0010
07:48:35pm: 1986.00
07:48:35pm: Lap : -0.0010
07:48:35pm: 2013.00
07:48:35pm: Lap : 0.0010
07:48:35pm: 2042.00
07:48:35pm: Lap : 0.0000
07:48:35pm: 2070.00
07:48:35pm: Lap : -0.0010
07:48:35pm: 2097.00
07:48:35pm: Lap : 0.0010
07:48:35pm: 2126.00
07:48:35pm: Lap : -0.0010
07:48:35pm: 2154.00
07:48:35pm: Lap : 0.0000
07:48:35pm: 2181.00
07:48:35pm: Lap : 0.0010
07:48:35pm: 2210.00
07:48:35pm: Lap : -0.0010
07:48:35pm: 2238.00
07:48:35pm: Lap : -0.0010
07:48:35pm: 2265.00
07:48:35pm: Lap : 0.0020
07:48:35pm: 2294.00
07:48:35pm: Lap : -0.0010
07:48:35pm: 2322.00
07:48:35pm: Lap : -0.0010
07:48:35pm: 2349.00
07:48:35pm: Lap : 0.0020
07:48:36pm: 2378.00
07:48:36pm: Lap : -0.0010
07:48:36pm: 2406.00
07:48:36pm: Lap : -0.0010
07:48:36pm: 2433.00
07:48:36pm: Lap : 0.0010
07:48:36pm: 2461.00
07:48:36pm: Lap : 0.0010
07:48:36pm: 2489.00
07:48:36pm: Lap : -0.0010
07:48:36pm: 2517.00
07:48:36pm: Lap : 0.0000
07:48:36pm: 2545.00
07:48:36pm: Lap : 0.0010
07:48:36pm: 2573.00
07:48:36pm: Lap : -0.0010
07:48:36pm: 2601.00
07:48:36pm: Lap : 0.0000
07:48:36pm: 2629.00
07:48:36pm: Lap : -0.0010
07:48:36pm: 2657.00
07:48:36pm: Lap : 0.0010
07:48:36pm: 2685.00
07:48:36pm: Lap : 0.0000
07:48:36pm: 2713.00
07:48:36pm: Lap : -0.0010
07:48:36pm: 2741.00
07:48:36pm: Lap : 0.0000
07:48:36pm: 2769.00
07:48:36pm: Lap : 0.0010
07:48:36pm: 2797.00
07:48:36pm: Lap : -0.0010
07:48:36pm: 2824.00
07:48:36pm: Lap : 0.0010
07:48:36pm: 2853.00
07:48:36pm: Lap : 0.0000
07:48:36pm: 2881.00
07:48:36pm: Lap : -0.0010
07:48:36pm: 2908.00
07:48:36pm: Lap : 0.0010
07:48:37pm: 2937.00
07:48:37pm: Lap : -0.0010
07:48:37pm: 2965.00
07:48:37pm: Lap : 0.0000
07:48:37pm: 2992.00
07:48:37pm: Lap : 0.0010
07:48:37pm: 3021.00
07:48:37pm: Lap : -0.0010
07:48:37pm: 3049.00
07:48:37pm: Lap : 0.0000
07:48:37pm: 3076.00
07:48:37pm: Lap : 0.0010
07:48:37pm: 3105.00
07:48:37pm: Lap : -0.0010
07:48:37pm: 3133.00
07:48:37pm: Lap : -0.0010
07:48:37pm: 3160.00
07:48:37pm: Lap : 0.0020
07:48:37pm: 3189.00
07:48:37pm: Lap : -0.0010
07:48:37pm: 3217.00
07:48:37pm: Lap : -0.0010
07:48:37pm: 3244.00
07:48:37pm: Lap : 0.0020
07:48:37pm: 3272.00
07:48:37pm: Lap : 0.0000
07:48:37pm: 3300.00
07:48:37pm: Lap : -0.0010
07:48:37pm: 3328.00
07:48:37pm: Lap : 0.0000
07:48:37pm: 3356.00
07:48:37pm: Lap : 0.0000
07:48:37pm: 3384.00
07:48:37pm: Lap : 0.0000
07:48:38pm: 3412.00
07:48:38pm: Lap : 0.0000
07:48:38pm: 3440.00
07:48:38pm: Lap : -0.0010
07:48:38pm: 3468.00
07:48:38pm: Lap : 0.0010
07:48:38pm: 3496.00
07:48:38pm: Lap : 0.0000
07:48:38pm: 3524.00
07:48:38pm: Lap : -0.0010
07:48:38pm: 3552.00
07:48:38pm: Lap : 0.0010
07:48:38pm: 3580.00
07:48:38pm: Lap : 0.0000
07:48:38pm: 3608.00
07:48:38pm: Lap : -0.0010
07:48:38pm: 3635.00
07:48:38pm: Lap : 0.0010
07:48:38pm: 3664.00
07:48:38pm: Lap : 0.0000
07:48:38pm: 3692.00
07:48:38pm: Lap : -0.0010
07:48:38pm: 3719.00
07:48:38pm: Lap : 0.0010
07:48:38pm: 3748.00
07:48:38pm: Lap : -0.0010
07:48:38pm: 3776.00
07:48:38pm: Lap : 0.0000
07:48:38pm: 3803.00
07:48:38pm: Lap : 0.0010
07:48:39pm: 3832.00
07:48:39pm: Lap : -0.0010
07:48:39pm: 3860.00
07:48:39pm: Lap : 0.0000
07:48:39pm: 3887.00
07:48:39pm: Lap : 0.0010
07:48:39pm: 3916.00
07:48:39pm: Lap : -0.0010
07:48:39pm: 3944.00
07:48:39pm: Lap : -0.0010
07:48:39pm: 3971.00
07:48:39pm: Lap : 0.0020
07:48:39pm: 4000.00
07:48:39pm: Lap : -0.0010
07:48:39pm: 4028.00
07:48:39pm: Lap : -0.0010
07:48:39pm: 4055.00
07:48:39pm: Lap : 0.0020
07:48:39pm: 4083.00
07:48:39pm: Lap : 0.0000
07:48:39pm: 4111.00
07:48:39pm: Lap : -0.0010
07:48:39pm: 4139.00
07:48:39pm: Lap : 0.0000
07:48:39pm: 4167.00
07:48:39pm: Lap : 0.0000
07:48:39pm: 4195.00
07:48:39pm: Lap : 0.0000
07:48:40pm: 4223.00
07:48:40pm: Lap : 0.0000
07:48:40pm: 4251.00
07:48:40pm: Lap : 0.0000
07:48:40pm: 4279.00
07:48:40pm: Lap : 0.0000
07:48:40pm: 4307.00
07:48:40pm: Lap : 0.0000
07:48:40pm: 4335.00
07:48:40pm: Lap : -0.0010
07:48:40pm: 4363.00
07:48:40pm: Lap : 0.0010
07:48:40pm: 4391.00
07:48:40pm: Lap : 0.0000
07:48:40pm: 4419.00
07:48:40pm: Lap : -0.0010
07:48:40pm: 4446.00
07:48:40pm: Lap : 0.0010
07:48:40pm: 4475.00
07:48:40pm: Lap : 0.0000
07:48:40pm: 4503.00
07:48:40pm: Lap : -0.0010
07:48:40pm: 4530.00
07:48:40pm: Lap : 0.0010
07:48:41pm: 4559.00
07:48:41pm: Lap : 0.0000
07:48:41pm: 4587.00
07:48:41pm: Lap : -0.0010
07:48:41pm: 4614.00
07:48:41pm: Lap : 0.0010
07:48:41pm: 4643.00
07:48:41pm: Lap : -0.0010
07:48:41pm: 4671.00
07:48:41pm: Lap : 0.0000
07:48:41pm: 4698.00
07:48:41pm: Lap : 0.0010
07:48:41pm: 4727.00
07:48:41pm: Lap : -0.0010
07:48:41pm: 4755.00
07:48:41pm: Lap : 0.0000
07:48:41pm: 4782.00
07:48:41pm: Lap : 0.0010
07:48:41pm: 4811.00
07:48:41pm: Lap : -0.0010
07:48:41pm: 4839.00
07:48:41pm: Lap : -0.0010
07:48:41pm: 4866.00
07:48:41pm: Lap : 0.0020
07:48:42pm: 4894.00
07:48:42pm: Lap : -0.0010
07:48:42pm: 4922.00
07:48:42pm: Lap : 0.0000
07:48:42pm: 4950.00
07:48:42pm: Lap : 0.0000
07:48:42pm: 4978.00
07:48:42pm: Lap : 0.0000
07:48:42pm: 5006.00
07:48:42pm: Lap : 0.0000
07:48:42pm: 5034.00
07:48:42pm: Lap : 0.0000
07:48:42pm: 5062.00
07:48:42pm: Lap : 0.0000
07:48:42pm: 5090.00
07:48:42pm: Lap : 0.0000
07:48:42pm: 5118.00
07:48:42pm: Lap : 0.0000
07:48:42pm: 5146.00
07:48:42pm: Lap : -0.0010
07:48:42pm: 5174.00
07:48:42pm: Lap : 0.0010
07:48:42pm: 5202.00
07:48:42pm: Lap : 0.0000
07:48:43pm: 5230.00
07:48:43pm: Lap : -0.0010
07:48:43pm: 5257.00
07:48:43pm: Lap : 0.0020
07:48:43pm: 5286.00
07:48:43pm: Lap : -0.0010
07:48:43pm: 5314.00
07:48:43pm: Lap : -0.0010
07:48:43pm: 5341.00
07:48:43pm: Lap : 0.0010
07:48:43pm: 5370.00
07:48:43pm: Lap : 0.0000
07:48:43pm: 5398.00
07:48:43pm: Lap : -0.0010
07:48:43pm: 5425.00
07:48:43pm: Lap : 0.0010
07:48:43pm: 5454.00
07:48:43pm: Lap : -0.0010
07:48:43pm: 5482.00
07:48:43pm: Lap : 0.0000
07:48:44pm: 5509.00
07:48:44pm: Lap : 0.0010
07:48:44pm: 5538.00
07:48:44pm: Lap : -0.0010
07:48:44pm: 5566.00
07:48:44pm: Lap : 0.0000
07:48:44pm: 5593.00
07:48:44pm: Lap : 0.0010
07:48:44pm: 5622.00
07:48:44pm: Lap : -0.0010
07:48:44pm: 5650.00
07:48:44pm: Lap : -0.0010
07:48:44pm: 5677.00
07:48:44pm: Lap : 0.0020
07:48:44pm: 5705.00
07:48:44pm: Lap : -0.0010
07:48:44pm: 5734.00
07:48:44pm: Lap : -0.0010
07:48:44pm: 5761.00
07:48:44pm: Lap : 0.0020
07:48:45pm: 5789.00
07:48:45pm: Lap : -0.0010
07:48:45pm: 5817.00
07:48:45pm: Lap : 0.0000
07:48:45pm: 5845.00
07:48:45pm: Lap : 0.0000
07:48:45pm: 5873.00
07:48:45pm: Lap : 0.0000
07:48:45pm: 5901.00
07:48:45pm: Lap : 0.0000
07:48:45pm: 5929.00
07:48:45pm: Lap : 0.0000
07:48:46pm: 5957.00
07:48:46pm: Lap : -0.0010
07:48:46pm: 5985.00
07:48:46pm: Lap : 0.0010
07:48:46pm: 6013.00
07:48:46pm: Lap : 0.0000
07:48:46pm: 6041.00
07:48:46pm: Lap : -0.0010
07:48:46pm: 6068.00
07:48:46pm: Lap : 0.0020
07:48:46pm: 6097.00
07:48:46pm: Lap : -0.0010
07:48:46pm: 6125.00
07:48:46pm: Lap : -0.0010
07:48:46pm: 6152.00
07:48:46pm: Lap : 0.0010
07:48:47pm: 6181.00
07:48:47pm: Lap : 0.0000
07:48:47pm: 6209.00
07:48:47pm: Lap : -0.0010
07:48:47pm: 6236.00
07:48:47pm: Lap : 0.0010
07:48:47pm: 6265.00
07:48:47pm: Lap : 0.0000
07:48:47pm: 6293.00
07:48:47pm: Lap : -0.0010
07:48:47pm: 6320.00
07:48:47pm: Lap : 0.0010
07:48:47pm: 6349.00
07:48:47pm: Lap : -0.0010
07:48:47pm: 6377.00
07:48:47pm: Lap : 0.0000
07:48:47pm: 6404.00
07:48:47pm: Lap : 0.0010
07:48:47pm: 6432.00
07:48:47pm: Lap : -0.0010
07:48:47pm: 6461.00
07:48:47pm: Lap : -0.0010
07:48:47pm: 6488.00
07:48:47pm: Lap : 0.0020
07:48:47pm: 6516.00
07:48:47pm: Lap : -0.0010
07:48:48pm: 6545.00
07:48:48pm: Lap : -0.0010
07:48:48pm: 6572.00
07:48:48pm: Lap : 0.0020
07:48:48pm: 6600.00
07:48:48pm: Lap : -0.0010
07:48:48pm: 6628.00
07:48:48pm: Lap : 0.0000
07:48:48pm: 6656.00
07:48:48pm: Lap : 0.0000
07:48:48pm: 6684.00
07:48:48pm: Lap : 0.0000
07:48:48pm: 6712.00
07:48:48pm: Lap : 0.0000
07:48:48pm: 6740.00
07:48:48pm: Lap : 0.0000
07:48:48pm: 6768.00
07:48:48pm: Lap : 0.0000
07:48:49pm: 6796.00
07:48:49pm: Lap : 0.0000
07:48:49pm: 6824.00
07:48:49pm: Lap : 0.0000
07:48:49pm: 6852.00
07:48:49pm: Lap : -0.0010
07:48:49pm: 6879.00
07:48:49pm: Lap : 0.0020
07:48:49pm: 6908.00
07:48:49pm: Lap : -0.0010
07:48:49pm: 6936.00
07:48:49pm: Lap : -0.0010
07:48:49pm: 6963.00
07:48:49pm: Lap : 0.0020
07:48:49pm: 6992.00
07:48:49pm: Lap : -0.0010
07:48:49pm: 7020.00
07:48:49pm: Lap : -0.0010
07:48:49pm: 7047.00
07:48:49pm: Lap : 0.0010
07:48:50pm: 7076.00
07:48:50pm: Lap : 0.0000
07:48:50pm: 7104.00
07:48:50pm: Lap : -0.0010
07:48:50pm: 7131.00
07:48:50pm: Lap : 0.0010
07:48:50pm: 7160.00
07:48:50pm: Lap : -0.0010
07:48:50pm: 7188.00
07:48:50pm: Lap : 0.0000
07:48:50pm: 7215.00
07:48:50pm: Lap : 0.0010
07:48:50pm: 7243.00
07:48:50pm: Lap : -0.0010
07:48:50pm: 7272.00
07:48:50pm: Lap : 0.0000
07:48:51pm: 7299.00
07:48:51pm: Lap : 0.0010
07:48:51pm: 7327.00
07:48:51pm: Lap : -0.0010
07:48:51pm: 7356.00
07:48:51pm: Lap : -0.0010
07:48:51pm: 7383.00
07:48:51pm: Lap : 0.0020
07:48:51pm: 7411.00
07:48:51pm: Lap : -0.0010
07:48:51pm: 7439.00
07:48:51pm: Lap : 0.0000
07:48:51pm: 7467.00
07:48:51pm: Lap : 0.0000
07:48:52pm: 7495.00
07:48:52pm: Lap : 0.0000
07:48:52pm: 7523.00
07:48:52pm: Lap : 0.0000
07:48:52pm: 7551.00
07:48:52pm: Lap : 0.0000
07:48:52pm: 7579.00
07:48:52pm: Lap : 0.0000
07:48:52pm: 7607.00
07:48:52pm: Lap : 0.0000
07:48:52pm: 7635.00
07:48:52pm: Lap : 0.0000
07:48:52pm: 7663.00
07:48:52pm: Lap : -0.0010
07:48:52pm: 7690.00
07:48:52pm: Lap : 0.0020
07:48:52pm: 7719.00
07:48:52pm: Lap : -0.0010
07:48:52pm: 7747.00
07:48:52pm: Lap : -0.0010
07:48:52pm: 7774.00
07:48:52pm: Lap : 0.0020
07:48:52pm: 7803.00
07:48:52pm: Lap : -0.0010
07:48:52pm: 7831.00
07:48:52pm: Lap : -0.0010
07:48:52pm: 7858.00
07:48:52pm: Lap : 0.0010
07:48:52pm: 7887.00
07:48:52pm: Lap : 0.0000
07:48:52pm: 7915.00
07:48:52pm: Lap : -0.0010
07:48:52pm: 7942.00
07:48:52pm: Lap : 0.0010
07:48:52pm: 7971.00
07:48:52pm: Lap : 0.0000
07:48:52pm: 7999.00
07:48:52pm: Lap : -0.0010
07:48:52pm: 8026.00
07:48:52pm: Lap : 0.0010
07:48:52pm: 8054.00
07:48:52pm: Lap : -0.0010
07:48:52pm: 8083.00
07:48:52pm: Lap : 0.0000
07:48:52pm: 8110.00
07:48:52pm: Lap : 0.0010
07:48:52pm: 8138.00
07:48:52pm: Lap : -0.0010
07:48:52pm: 8167.00
07:48:52pm: Lap : -0.0010
07:48:52pm: 8194.00
07:48:52pm: Lap : 0.0020
07:48:52pm: 8222.00
07:48:52pm: Lap : -0.0010
07:48:52pm: 8250.00
07:48:52pm: Lap : 0.0000
07:48:52pm: 8278.00
07:48:52pm: Lap : 0.0010
07:48:52pm: 8306.00
07:48:52pm: Lap : -0.0010
07:48:52pm: 8334.00
07:48:52pm: Lap : 0.0000
07:48:52pm: 8362.00
07:48:52pm: Lap : 0.0000
07:48:52pm: 8390.00
07:48:52pm: Lap : 0.0000
07:48:52pm: 8417.00
07:48:52pm: Lap : 0.0010
07:48:52pm: 8446.00
07:48:52pm: Lap : -0.0010
07:48:52pm: 8474.00
07:48:52pm: Lap : 0.0000
07:48:52pm: 8501.00
07:48:52pm: Lap : 0.0010
07:48:52pm: 8530.00
07:48:52pm: Lap : -0.0010
07:48:52pm: 8558.00
07:48:52pm: Lap : -0.0010
07:48:52pm: 8585.00
07:48:52pm: Lap : 0.0020
07:48:52pm: 8614.00
07:48:52pm: Lap : -0.0010
07:48:52pm: 8642.00
07:48:52pm: Lap : -0.0010
07:48:52pm: 8669.00
07:48:52pm: Lap : 0.0010
07:48:52pm: 8698.00
07:48:52pm: Lap : 0.0000
07:48:52pm: 8726.00
07:48:52pm: Lap : -0.0010
07:48:52pm: 8753.00
07:48:52pm: Lap : 0.0010
07:48:52pm: 8782.00
07:48:52pm: Lap : 0.0000
07:48:52pm: 8810.00
07:48:52pm: Lap : -0.0010
07:48:52pm: 8837.00
07:48:52pm: Lap : 0.0010
07:48:52pm: 8865.00
07:48:52pm: Lap : -0.0010
07:48:52pm: 8894.00
07:48:52pm: Lap : 0.0000
07:48:52pm: 8921.00
07:48:52pm: Lap : 0.0010
07:48:52pm: 8949.00
07:48:52pm: Lap : -0.0010
07:48:52pm: 8978.00
07:48:52pm: Lap : -0.0010
07:48:52pm: 9005.00
07:48:52pm: Lap : 0.0020
07:48:52pm: 9033.00
07:48:52pm: Lap : -0.0010
07:48:52pm: 9062.00
07:48:52pm: Lap : -0.0010
07:48:52pm: 9089.00
07:48:52pm: Lap : 0.0020
07:48:52pm: 9117.00
07:48:52pm: Lap : -0.0010
07:48:52pm: 9145.00
07:48:52pm: Lap : 0.0000
07:48:52pm: 9173.00
07:48:52pm: Lap : 0.0000
07:48:52pm: 9201.00
07:48:52pm: Lap : 0.0000
07:48:52pm: 9228.00
07:48:52pm: Lap : 0.0010
07:48:52pm: 9257.00
07:48:52pm: Lap : -0.0010
07:48:52pm: 9285.00
07:48:52pm: Lap : 0.0000
07:48:52pm: 9312.00
07:48:52pm: Lap : 0.0010
07:48:52pm: 9341.00
07:48:52pm: Lap : -0.0010
07:48:52pm: 9369.00
07:48:52pm: Lap : -0.0010
07:48:52pm: 9396.00
07:48:52pm: Lap : 0.0020
07:48:52pm: 9425.00
07:48:52pm: Lap : -0.0010
07:48:52pm: 9453.00
07:48:52pm: Lap : -0.0010
07:48:52pm: 9480.00
07:48:52pm: Lap : 0.0010
07:48:52pm: 9509.00
07:48:52pm: Lap : 0.0000
07:48:52pm: 9537.00
07:48:52pm: Lap : -0.0010
07:48:52pm: 9564.00
07:48:52pm: Lap : 0.0010
07:48:52pm: 9592.00
07:48:52pm: Lap : 0.0000
07:48:52pm: 9621.00
07:48:52pm: Lap : -0.0010
07:48:52pm: 9648.00
07:48:52pm: Lap : 0.0010
07:48:52pm: 9676.00
07:48:52pm: Lap : -0.0010
07:48:52pm: 9705.00
07:48:52pm: Lap : 0.0000
07:48:52pm: 9732.00
07:48:52pm: Lap : 0.0010
07:48:52pm: 9760.00
07:48:52pm: Lap : -0.0010
07:48:52pm: 9789.00
07:48:52pm: Lap : 0.0000
07:48:52pm: 9816.00
07:48:52pm: Lap : 0.0010
07:48:52pm: 9844.00
07:48:52pm: Lap : -0.0010
07:48:52pm: 9873.00
07:48:52pm: Lap : -0.0010
07:48:52pm: 9900.00
07:48:52pm: Lap : 0.0020
07:48:52pm: 9928.00
07:48:52pm: Lap : -0.0010
07:48:52pm: 9955.00
07:48:52pm: Lap : 0.0010
07:48:52pm: 9984.00
07:48:52pm: Lap : 0.0000
07:48:52pm: 10012.00
07:48:52pm: Lap : -0.0010
07:48:52pm: 10039.00
07:48:52pm: Lap : 0.0010
07:48:52pm: 10068.00
07:48:52pm: Lap : -0.0010
07:48:52pm: 10096.00
07:48:52pm: Lap : 0.0000
07:48:52pm: 10123.00
07:48:52pm: Lap : 0.0010
07:48:52pm: 10152.00
07:48:52pm: Lap : -0.0010
07:48:52pm: 10180.00
07:48:52pm: Lap : -0.0010
07:48:52pm: 10207.00
07:48:52pm: Lap : 0.0020
07:48:52pm: 10236.00
07:48:52pm: Lap : -0.0010
07:48:52pm: 10264.00
07:48:52pm: Lap : -0.0010
07:48:52pm: 10291.00
07:48:52pm: Lap : 0.0020
07:48:52pm: 10320.00
07:48:52pm: Lap : -0.0010
07:48:52pm: 10348.00
07:48:52pm: Lap : -0.0010
07:48:52pm: 10375.00
07:48:52pm: Lap : 0.0010
07:48:52pm: 10403.00
07:48:52pm: Lap : 0.0000
07:48:52pm: 10432.00
07:48:52pm: Lap : -0.0010
07:48:52pm: 10459.00
07:48:52pm: Lap : 0.0010
07:48:52pm: 10487.00
07:48:52pm: Lap : 0.0000
07:48:52pm: 10516.00
07:48:52pm: Lap : -0.0010
07:48:52pm: 10543.00
07:48:52pm: Lap : 0.0010
07:48:52pm: 10571.00
07:48:52pm: Lap : -0.0010
07:48:52pm: 10600.00
07:48:52pm: Lap : 0.0000
07:48:52pm: 10627.00
07:48:52pm: Lap : 0.0010
07:48:52pm: 10655.00
07:48:52pm: Lap : -0.0010
07:48:52pm: 10684.00
07:48:52pm: Lap : -0.0010
07:48:52pm: 10711.00
07:48:52pm: Lap : 0.0020
07:48:52pm: 10739.00
07:48:52pm: Lap : -0.0010
07:48:52pm: 10766.00
07:48:52pm: Lap : 0.0010
07:48:52pm: 10795.00
07:48:52pm: Lap : 0.0000
07:48:52pm: 10823.00
07:48:52pm: Lap : -0.0010
07:48:52pm: 10850.00
07:48:52pm: Lap : 0.0010
07:48:52pm: 10879.00
07:48:52pm: Lap : -0.0010
07:48:52pm: 10907.00
07:48:52pm: Lap : 0.0000
07:48:52pm: 10934.00
07:48:52pm: Lap : 0.0010
07:48:52pm: 10963.00
07:48:52pm: Lap : -0.0010
07:48:52pm: 10991.00
07:48:52pm: Lap : -0.0010
07:48:52pm: 11018.00
07:48:52pm: Lap : 0.0020
07:48:52pm: 11047.00
07:48:52pm: Lap : -0.0010
07:48:52pm: 11075.00
07:48:52pm: Lap : -0.0010
07:48:52pm: 11102.00
07:48:52pm: Lap : 0.0020
07:48:52pm: 11130.00
07:48:52pm: Lap : -0.0010
07:48:52pm: 11159.00
07:48:52pm: Lap : -0.0010
07:48:52pm: 11186.00
07:48:52pm: Lap : 0.0010
07:48:52pm: 11214.00
07:48:52pm: Lap : 0.0000
07:48:52pm: 11243.00
07:48:52pm: Lap : -0.0010
07:48:52pm: 11270.00
07:48:52pm: Lap : 0.0010
07:48:52pm: 11298.00
07:48:52pm: Lap : 0.0000
07:48:52pm: 11327.00
07:48:52pm: Lap : -0.0010
07:48:52pm: 11354.00
07:48:52pm: Lap : 0.0010
07:48:52pm: 11382.00
07:48:52pm: Lap : -0.0010
07:48:52pm: 11411.00
07:48:52pm: Lap : 0.0000
07:48:52pm: 11438.00
07:48:52pm: Lap : 0.0010
07:48:52pm: 11466.00
07:48:52pm: Lap : -0.0010
07:48:52pm: 11495.00
07:48:52pm: Lap : 0.0000
07:48:52pm: 11522.00
07:48:52pm: Lap : 0.0010
07:48:52pm: 11550.00
07:48:52pm: Lap : -0.0010
07:48:52pm: 11577.00
07:48:52pm: Lap : 0.0010
07:48:52pm: 11606.00
07:48:52pm: Lap : 0.0000
07:48:52pm: 11634.00
07:48:52pm: Lap : -0.0010
07:48:52pm: 11661.00
07:48:52pm: Lap : 0.0010
07:48:52pm: 11690.00
07:48:52pm: Lap : -0.0010
07:48:52pm: 11718.00
07:48:52pm: Lap : 0.0000
07:48:52pm: 11745.00
07:48:52pm: Lap : 0.0010
07:48:52pm: 11774.00
07:48:52pm: Lap : -0.0010
07:48:52pm: 11802.00
07:48:52pm: Lap : 0.0000
07:48:52pm: 11829.00
07:48:52pm: Lap : 0.0010
07:48:52pm: 11858.00
07:48:52pm: Lap : -0.0010
07:48:52pm: 11886.00
07:48:52pm: Lap : -0.0010
07:48:52pm: 11913.00
07:48:52pm: Lap : 0.0020
07:48:52pm: 11941.00
07:48:52pm: Lap : -0.0010
07:48:52pm: 11970.00
07:48:52pm: Lap : -0.0010
07:48:52pm: 11997.00
07:48:52pm: Lap : 0.0020
07:48:52pm: 12025.00
07:48:52pm: Lap : -0.0010
07:48:52pm: 12054.00
07:48:52pm: Lap : -0.0010
07:48:52pm: 12081.00
07:48:52pm: Lap : 0.0010
07:48:52pm: 12109.00
07:48:52pm: Lap : 0.0000
07:48:52pm: 12138.00
07:48:52pm: Lap : -0.0010
07:48:52pm: 12165.00
07:48:52pm: Lap : 0.0010
07:48:52pm: 12193.00
07:48:52pm: Lap : -0.0010
07:48:52pm: 12222.00
07:48:52pm: Lap : 0.0000
07:48:52pm: 12249.00
07:48:52pm: Lap : 0.0010
07:48:52pm: 12277.00
07:48:52pm: Lap : -0.0010
07:48:52pm: 12305.00
07:48:52pm: Lap : 0.0010
07:48:52pm: 12333.00
07:48:52pm: Lap : 0.0000
07:48:52pm: 12361.00
07:48:52pm: Lap : -0.0010
07:48:52pm: 12388.00
07:48:52pm: Lap : 0.0010
07:48:52pm: 12417.00
07:48:52pm: Lap : 0.0000
07:48:52pm: 12445.00
07:48:52pm: Lap : -0.0010
07:48:52pm: 12472.00
07:48:52pm: Lap : 0.0010
07:48:52pm: 12501.00
07:48:52pm: Lap : -0.0010
07:48:52pm: 12529.00
07:48:52pm: Lap : 0.0000
07:48:52pm: 12556.00
07:48:52pm: Lap : 0.0010
07:48:52pm: 12585.00
07:48:52pm: Lap : -0.0010
07:48:52pm: 12613.00
07:48:52pm: Lap : 0.0000
07:48:52pm: 12640.00
07:48:52pm: Lap : 0.0010
07:48:52pm: 12669.00
07:48:52pm: Lap : -0.0020
07:48:52pm: 12697.00
07:48:52pm: Lap : 0.0000
07:48:52pm: 12724.00
07:48:52pm: Lap : 0.0020
07:48:52pm: 12752.00
07:48:52pm: Lap : -0.0010
07:48:52pm: 12781.00
07:48:52pm: Lap : -0.0010
07:48:52pm: 12808.00
07:48:52pm: Lap : 0.0020
07:48:52pm: 12836.00
07:48:52pm: Lap : -0.0010
07:48:52pm: 12865.00
07:48:52pm: Lap : -0.0010
07:48:52pm: 12892.00
07:48:52pm: Lap : 0.0010
07:48:52pm: 12920.00
07:48:52pm: Lap : 0.0000
07:48:52pm: 12949.00
07:48:52pm: Lap : -0.0010
07:48:52pm: 12976.00
07:48:52pm: Lap : 0.0010
07:48:52pm: 13004.00
07:48:52pm: Lap : 0.0000
07:48:52pm: 13033.00
07:48:52pm: Lap : -0.0010
07:48:52pm: 13060.00
07:48:52pm: Lap : 0.0010
07:48:52pm: 13088.00
07:48:52pm: Lap : -0.0010
07:48:52pm: 13116.00
07:48:52pm: Lap : 0.0010
07:48:52pm: 13144.00
07:48:52pm: Lap : 0.0000
07:48:52pm: 13172.00
07:48:52pm: Lap : -0.0010
07:48:52pm: 13199.00
07:48:52pm: Lap : 0.0010
07:48:52pm: 13228.00
07:48:52pm: Lap : 0.0000
07:48:52pm: 13256.00
07:48:52pm: Lap : -0.0010
07:48:52pm: 13283.00
07:48:52pm: Lap : 0.0010
07:48:52pm: 13312.00
07:48:52pm: Lap : 0.0000
07:48:52pm: 13340.00
07:48:52pm: Lap : -0.0010
07:48:52pm: 13367.00
07:48:52pm: Lap : 0.0010
07:48:52pm: 13396.00
07:48:52pm: Lap : -0.0010
07:48:52pm: 13424.00
07:48:52pm: Lap : 0.0000
07:48:52pm: 13451.00
07:48:52pm: Lap : 0.0010
07:48:52pm: 13479.00
07:48:52pm: Lap : -0.0010
07:48:52pm: 13508.00
07:48:52pm: Lap : 0.0000
07:48:52pm: 13535.00
07:48:52pm: Lap : 0.0010
07:48:52pm: 13563.00
07:48:52pm: Lap : -0.0010
07:48:52pm: 13592.00
07:48:52pm: Lap : -0.0010
07:48:52pm: 13619.00
07:48:52pm: Lap : 0.0020
07:48:52pm: 13647.00
07:48:52pm: Lap : -0.0010
07:48:53pm: Receiver disconnected
