06:52:59am: Receiver connected
06:53:03am: T: 188, From 1
06:53:16am: T: 192, From 1
06:57:56am: Receiver disconnected
06:58:17am: Receiver connected
06:58:19am: T: 188, From 1
06:58:21am: Receiver disconnected
06:58:33am: Receiver disconnected
06:58:44am: Receiver connected
06:58:46am: T: 192, From 1
06:59:09am: Receiver disconnected
06:59:15am: Receiver connected
06:59:16am: T: 184, From 1
06:59:25am: T: 184, From 1
06:59:31am: T: 184, From 1
07:00:47am: T: 188, From 1
07:00:55am: T: 184, From 1
07:01:01am: T: 184, From 1
07:01:16am: T: 184, From 1
07:01:20am: T: 188, From 1
07:01:24am: T: 184, From 1
07:01:30am: T: 188, From 1
07:01:42am: Receiver disconnected
07:03:16am: Receiver connected
07:03:16am: T: 188, From 1
07:03:32am: Receiver disconnected
07:03:38am: Receiver connected
07:03:38am: T: 188, From 1
07:03:55am: Receiver disconnected
07:04:01am: Receiver connected
07:04:03am: T: 184, From 1
07:04:16am: Receiver disconnected
07:04:34am: Receiver connected
07:04:34am: T: 188, From 1
07:04:38am: Receiver disconnected
07:09:10am: Receiver connected
07:09:12am: T: 184, From 1
07:09:30am: Receiver disconnected
07:09:37am: Receiver connected
07:09:38am: T: 184, From 1
07:09:43am: T: 184, From 1
07:09:47am: T: 184, From 1
07:09:56am: T: 184, From 1
07:10:09am: T: 192, From 1
07:10:17am: T: 184, From 1
07:10:25am: T: 192, From 1
07:10:31am: T: 192, From 1
07:10:39am: T: 188, From 1
07:10:52am: T: 184, From 1
07:11:04am: Receiver disconnected
07:13:32am: Receiver connected
07:13:34am: T: 184, From 1
07:13:38am: T: 184, From 1
07:13:49am: T: 184, From 1
07:13:59am: Receiver disconnected
07:14:05am: Receiver connected
07:14:06am: T: 192, From 1
07:14:10am: T: 184, From 1
07:14:14am: T: 184, From 1
07:14:17am: T: 192, From 1
07:14:21am: Receiver disconnected
07:16:16am: Receiver connected
07:16:23am: T: 188, From 1
07:16:28am: T: 184, From 1
07:16:31am: T: 188, From 1
07:16:35am: T: 184, From 1
07:16:39am: T: 184, From 1
07:16:42am: T: 184, From 1
07:16:46am: T: 192, From 1
07:16:49am: Receiver disconnected
07:22:23am: Receiver connected
07:22:26am: T: 188, From 1
07:22:32am: T: 184, From 1
07:22:37am: T: 188, From 1
07:22:42am: T: 184, From 1
07:22:49am: Receiver disconnected
07:23:56am: Receiver connected
07:23:57am: T: 192, From 1
07:24:01am: T: 184, From 1
07:24:04am: T: 192, From 1
07:24:15am: T: 192, From 1
07:24:19am: T: 184, From 1
07:25:31am: T: 184, From 1
07:25:36am: T: 192, From 1
07:25:53am: Receiver disconnected
07:26:09am: Receiver connected
07:26:12am: T: 184, From 1
07:26:16am: T: 184, From 1
07:26:20am: T: 184, From 1
07:30:45am: Receiver disconnected
07:30:52am: Receiver connected
07:30:52am: T: 184, From 1
07:30:56am: T: 188, From 1
07:30:59am: Receiver disconnected
07:31:09am: Receiver disconnected
07:31:15am: Receiver connected
07:31:16am: T: 184, From 1
07:31:20am: T: 184, From 1
07:31:43am: Receiver disconnected
07:31:50am: Receiver connected
07:31:52am: T: 184, From 1
07:31:56am: T: 184, From 1
07:32:51am: T: 184, From 1
07:32:55am: T: 188, From 1
07:32:59am: T: 192, From 1
07:33:02am: T: 184, From 1
07:33:06am: T: 188, From 1
07:33:12am: Receiver disconnected
07:40:36am: Receiver connected
07:40:37am: T: 188, From 1
07:40:41am: T: 184, From 1
07:40:45am: T: 188, From 1
07:40:49am: T: 188, From 1
07:40:53am: T: 184, From 1
07:40:57am: T: 184, From 1
07:42:13am: Receiver disconnected
07:42:20am: Receiver connected
07:42:22am: T: 0, From 1
07:42:26am: T: 0, From 1
07:42:31am: T: 1, From 1
07:42:35am: T: 0, From 1
07:42:39am: T: 0, From 1
07:42:44am: T: 0, From 1
07:42:48am: T: 0, From 1
07:44:56am: Receiver disconnected
07:45:03am: Receiver connected
07:45:04am: T: 0, From 1
07:45:08am: T: 0, From 1
07:45:20am: Receiver disconnected
07:45:28am: Receiver connected
07:45:28am: T: 1, From 1
07:45:31am: T: 0, From 1
07:45:39am: T: 0, From 1
07:45:43am: Receiver disconnected
07:45:58am: Receiver connected
07:45:58am: T: 0, From 1
07:46:01am: T: 0, From 1
07:46:11am: T: 0, From 1
07:46:20am: Receiver disconnected
07:46:27am: Receiver connected
07:46:28am: T: 1, From 1
07:46:31am: T: 0, From 1
07:46:34am: T: 1, From 1
07:46:38am: T: 0, From 1
07:46:42am: T: 0, From 1
07:46:45am: T: 0, From 1
07:47:24am: T: 0, From 1
07:47:27am: T: 0, From 1
07:47:31am: T: 0, From 1
07:47:35am: T: 1, From 1
07:47:39am: Receiver disconnected
07:48:42am: Receiver connected
07:48:42am: T: 1, From 1
07:48:46am: T: 1, From 1
07:48:50am: T: 1, From 1
07:48:54am: T: 1, From 1
07:48:58am: T: 0, From 1
07:52:41am: Receiver disconnected
07:56:21am: Receiver connected
07:56:26am: Receiver disconnected
07:57:32am: Receiver connected
07:57:35am: T: 0, From 1
07:57:43am: T: 0, From 1
07:58:01am: T: 1, From 1
07:58:38am: Receiver disconnected
07:58:49am: Receiver connected
07:58:54am: T: 1, From 1
07:59:17am: Receiver disconnected
07:59:30am: Receiver connected
07:59:31am: Requesting 1
07:59:31am: 1
07:59:31am: T: 29996, From 1
07:59:31am: Requesting 1
07:59:31am: 1
07:59:31am: Requesting 1
07:59:31am: 0
07:59:32am: T: 30643, From 1
07:59:39am: T: 0, From 1
07:59:50am: Requesting 1
07:59:50am: 0
07:59:51am: Requesting 1
07:59:51am: 0
07:59:53am: Requesting 1
07:59:53am: 1
07:59:53am: T: 9266, From 1
07:59:57am: Requesting 2
07:59:57am: 1
07:59:58am: Requesting 2
07:59:58am: 1
07:59:58am: Requesting 2
07:59:58am: 1
07:59:59am: Requesting 2
07:59:59am: 0
08:00:09am: Requesting 1
08:00:09am: 1
08:00:09am: T: 25805, From 1
08:00:15am: Requesting 1
08:00:15am: 1
08:00:15am: T: 31684, From 1
08:00:19am: Requesting 1
08:00:19am: 1
08:00:19am: T: 35234, From 1
08:00:20am: Requesting 1
08:00:20am: 1
08:00:21am: T: 37074, From 1
08:00:22am: Requesting 1
08:00:22am: 1
08:00:22am: T: 38433, From 1
08:00:23am: Requesting 1
08:00:23am: 0
08:00:25am: Requesting 1
08:00:25am: 1
08:00:25am: T: 41713, From 1
08:00:27am: Requesting 1
08:00:27am: 1
08:00:27am: T: 43360, From 1
08:00:28am: Requesting 1
08:00:28am: 1
08:00:29am: T: 45103, From 1
08:00:30am: Requesting 1
08:00:30am: 1
08:00:30am: T: 46199, From 1
08:00:38am: Requesting 1
08:00:38am: 1
08:00:39am: T: 54989, From 1
08:00:46am: Requesting 1
08:00:46am: 0
08:00:48am: Requesting 1
08:00:48am: 0
08:00:50am: Requesting 1
08:00:50am: 1
08:00:50am: T: 66705, From 1
08:01:02am: Requesting 1
08:01:02am: 0
08:01:07am: Requesting 1
08:01:07am: 1
08:01:07am: T: 83380, From 1
08:01:38am: Requesting 1
08:01:38am: 1
08:01:38am: T: 114283, From 1
08:01:52am: T: 0, From 1
08:02:00am: T: 0, From 1
08:02:07am: T: 1, From 1
08:02:12am: T: 1, From 1
08:02:27am: Requesting 1
08:02:27am: 0
08:02:29am: Requesting 1
08:02:29am: 0
08:02:30am: Requesting 1
08:02:30am: 1
08:02:30am: T: 10640, From 1
08:02:47am: T: 0, From 1
08:03:03am: Requesting 1
08:03:03am: 0
08:03:04am: Requesting 1
08:03:04am: 0
08:03:06am: Requesting 1
08:03:06am: 1
08:03:06am: T: 10257, From 1
08:03:13am: T: 0, From 1
08:03:23am: T: 0, From 1
08:03:38am: Requesting 1
08:03:38am: 0
08:03:40am: Requesting 1
08:03:40am: 1
08:03:41am: T: 9199, From 1
08:04:25am: T: 0, From 1
08:04:32am: T: 0, From 1
08:04:36am: Receiver disconnected
08:05:08am: Receiver connected
08:05:13am: Receiver disconnected
08:06:04am: Receiver connected
08:06:06am: T: 0, From 1
08:06:12am: T: 0, From 1
08:06:17am: T: 0, From 1
08:06:52am: T: 0, From 1
08:06:55am: T: 0, From 1
08:07:03am: T: 0, From 1
08:07:06am: T: 0, From 1
08:07:12am: T: 0, From 1
08:07:16am: T: 0, From 1
08:41:52am: Receiver disconnected
