05:50:48pm: Receiver connected
05:50:50pm: lapstart
05:50:55pm: Lap : 4.5000
05:51:43pm: Receiver disconnected
06:52:49pm: Receiver connected
06:52:52pm: lapstart
06:52:57pm: Lap : 4.976
06:53:03pm: Lap : 6.364
06:53:08pm: accelmode
06:53:11pm: lapstart
06:53:15pm: Lap : 4.160
06:53:19pm: lapstart
06:53:23pm: Lap : 3.741
06:56:53pm: lapstart
06:57:05pm: Lap : 19.967
06:57:43pm: lapstart
06:58:13pm: Lap : 46.000
07:00:59pm: lapstart
07:01:15pm: Lap : 34.947
07:39:00pm: lapstart
07:39:16pm: Lap : -0.007
07:39:40pm: lapstart
07:39:56pm: Lap : 15.946
07:40:11pm: lapmode
07:40:20pm: lapstart
07:40:35pm: Lap : 15.091
07:40:54pm: Lap : 19.045
07:41:12pm: Lap : 18.085
07:41:30pm: Lap : 17.953
07:42:12pm: resetlap
07:42:21pm: lapstart
07:42:39pm: Lap : 17.941
07:42:57pm: Lap : 18.246
07:43:16pm: Lap : 18.366
07:43:32pm: Lap : 16.562
07:43:48pm: Lap : 15.737
07:44:04pm: Lap : 16.370
07:44:43pm: Lap : 38.189
07:45:10pm: Lap : 27.037
07:45:38pm: Lap : 28.581
07:46:40pm: resetlap
07:46:55pm: lapstart
07:47:10pm: Lap : 15.046
07:47:29pm: Lap : 18.820
07:49:34pm: Receiver disconnected
08:58:10pm: Receiver connected
08:58:48pm: lapstart
08:58:54pm: Lap : 19.841
08:59:19pm: Lap : 15.155
09:01:26pm: Receiver disconnected
09:01:34pm: Receiver connected
09:01:36pm: lapstart
09:02:12pm: Lap : 22.627
09:02:29pm: Lap : 29.802
09:02:41pm: accelmode
09:02:43pm: lapstart
09:03:02pm: Lap : 9.913
09:03:12pm: lapstart
09:03:36pm: Lap : 14.027
01:05:13am: Receiver disconnected
