08:32:54pm: Receiver connected
08:33:11pm: lapstart
08:33:14pm: Lap : 3.0010
08:33:17pm: Lap : 3.0010
08:33:34pm: resetlap
08:33:37pm: accelmode
08:33:38pm: lapmode
08:33:43pm: Receiver disconnected
08:35:38pm: Receiver connected
08:35:40pm: lapmode
08:35:41pm: accelmode
08:35:41pm: lapmode
08:35:50pm: lapmode
08:35:56pm: Receiver disconnected
08:37:16pm: Receiver connected
08:37:18pm: Receiver disconnected
08:37:24pm: Receiver connected
08:37:24pm: accelmode
08:37:26pm: Receiver disconnected
08:37:46pm: Receiver connected
08:42:05pm: Receiver disconnected
08:45:27pm: Receiver connected
08:45:37pm: lapstart
08:45:40pm: Lap : 3.0010
08:45:43pm: Lap : 3.0020
08:45:46pm: Lap : 3.0010
08:46:18pm: resetlap
08:46:32pm: lapstart
08:46:35pm: Lap : 2.9980
08:46:38pm: Lap : 2.9980
08:49:53pm: resetlap
08:51:46pm: accelmode
08:52:03pm: lapstart
08:52:37pm: Lap : 33.6580
09:02:26pm: lapmode
09:42:06pm: accelmode
09:42:06pm: lapmode
